2E 9D 6C 80 04 64 22 3C 93 00 00 C8 00 FF FF FF FF FF 00 00 08 08 A9 00 07 00 00 00 FF 00 00 40 00 00 11 FF FF FF 0F 00 05 0C 14
2E B1 6C 80 04 64 22 3C 93 00 00 48 00 FF 80 10 97 FF 00 00 05 B2 A9 00 07 00 00 00 FF 00 00 40 00 00 90 FF FF FF 0F 04 05 8F 14
2E C5 6C 80 04 64 22 3C 93 00 00 C8 00 FF FF FF FF FF 00 00 08 08 A9 00 07 00 00 00 FF 00 00 40 00 00 90 FF FF FF 0F 00 05 8B 14
2E D9 6C 80 04 64 22 3C 93 00 00 48 00 FF 90 10 00 FF 00 00 05 2B A9 00 07 00 00 00 FF 00 00 40 00 00 B1 FF FF FF 0F 04 05 B0 14
2E ED 6C 80 04 64 22 3C 93 00 00 C8 00 FF FF FF FF FF 00 00 08 08 A9 00 07 00 00 00 FF 00 00 40 00 00 B1 FF FF FF 0F 00 05 AC 14
2F 01 6C 80 04 64 22 3C 93 00 00 48 00 FF B1 10 03 FF 00 00 05 4F A9 00 07 00 00 00 FF 00 00 40 00 00 7C FF FF FF 0F 04 05 7B 14
2F 15 6C 80 04 64 22 3C 93 00 00 C8 00 FF FF FF FF FF 00 00 08 08 A9 00 07 00 00 00 FF 00 00 40 00 00 7C FF FF FF 0F 00 05 77 14
2F 29 6C 80 04 64 22 3C 93 00 00 48 00 FF 7C 10 00 FF 00 00 05 17 A9 00 07 00 00 00 FF 00 00 40 00 00 1F FF FF FF 0F 04 05 1E 14
2F 3D 6C 80 04 64 22 3C 93 00 00 C8 00 FF FF FF FF FF 00 00 08 08 A9 00 07 00 00 00 FF 00 00 40 00 00 1F FF FF FF 0F 00 05 1A 14
2F 51 6C 80 04 64 22 3C 93 00 00 48 00 FF 1F 10 FF FF 00 00 05 B9 A9 00 07 00 00 00 FF 00 00 40 00 00 0C FF FF FF 0F 04 05 0B 14
2F 65 6C 80 04 64 22 3C 93 00 00 C8 00 FF FF FF FF FF 00 00 08 08 A9 00 07 00 00 00 FF 00 00 40 00 00 0C FF FF FF 0F 00 05 07 14
2F 79 6C 80 04 64 22 3C 93 00 00 48 00 FF 0C 10 FF FF 00 00 05 A6 A9 00 07 00 00 00 FF 00 00 40 00 00 1E FF FF FF 0F 04 05 1D 14
2F 8D 6C 80 04 64 22 3C 93 00 00 C8 00 FF FF FF FF FF 00 00 08 08 A9 00 07 00 00 00 FF 00 00 40 00 00 1E FF FF FF 0F 00 05 19 14
2F A1 6C 80 04 64 22 3C 93 00 00 48 00 FF 1E 11 02 FF 00 00 04 BC A9 00 07 00 00 00 FF 00 00 40 00 00 13 FF FF FF 0F 04 05 12 14
2F B5 6C 80 04 64 22 3C 93 00 00 C8 00 FF FF FF FF FF 00 00 08 08 A9 00 07 00 00 00 FF 00 00 40 00 00 13 FF FF FF 0F 00 05 0E 14
2F C9 6C 80 04 64 22 3C 93 00 00 C8 00 FF 02 11 FF FF 00 00 06 1D A9 00 07 00 00 00 FF 00 00 C0 00 00 02 FF FF FF 0F 04 05 81 14
2F DD 6C 80 04 64 22 3C 93 00 00 C8 00 FF FF FF FF FF 00 00 08 08 A9 00 07 00 00 00 FF 00 00 C0 00 00 02 FF FF FF 0F 00 05 7D 14
2F F1 6C 80 04 64 22 3C 93 00 00 C8 00 FF 05 13 3C FF 00 00 05 5F A9 00 07 00 00 00 FF 00 00 C0 00 00 05 FF FF FF 0F 04 05 84 14
30 05 6C 80 04 64 22 3C 93 00 00 C8 00 FF FF FF FF FF 00 00 08 08 A9 00 07 00 00 00 FF 00 00 C0 00 00 05 FF FF FF 0F 00 05 80 14
30 19 6C 80 04 64 22 3C 93 00 00 48 00 FF 13 10 FA 00 00 00 04 A9 A9 00 07 00 00 00 FF 00 00 C0 00 00 80 FF FF FF 0F 04 05 FF 14
30 2D 6C 80 04 64 22 3C 93 00 00 C8 00 FF FF FF FF FF 00 00 08 08 A9 00 07 00 00 00 FF 00 00 C0 00 00 80 FF FF FF 0F 00 05 FB 14
30 41 6C 80 04 64 22 3C 93 00 00 C8 00 FF 1F 10 FF FF 00 00 06 39 A9 00 07 00 00 00 FF 00 00 C0 00 00 1F FF FF FF 0F 04 05 9E 14
30 55 6C 80 04 64 22 3C 93 00 00 C8 00 FF FF FF FF FF 00 00 08 08 A9 00 07 00 00 00 FF 00 00 C0 00 00 1F FF FF FF 0F 00 05 9A 14
30 69 6C 80 04 64 22 3C 93 00 00 C8 00 FF 1E 10 01 FF 00 00 05 3A A9 00 07 00 00 00 FF 00 00 C0 00 00 1E FF FF FF 0F 04 05 9D 14
30 7D 6C 80 04 64 22 3C 93 00 00 C8 00 FF FF FF FF FF 00 00 08 08 A9 00 07 00 00 00 FF 00 00 C0 00 00 1E FF FF FF 0F 00 05 99 14
30 91 6C 80 04 64 22 3C 93 00 00 C8 00 FF 80 20 93 FF 00 00 06 3E A9 00 07 00 00 00 FF 00 00 40 00 00 80 FF FF FF 0F 04 05 7F 14
30 A5 6C 80 04 64 22 3C 93 00 00 C8 00 FF FF FF FF FF 00 00 08 08 A9 00 07 00 00 00 FF 00 00 40 00 00 80 FF FF FF 0F 00 05 7B 14
30 B9 6C 80 04 64 22 3C 93 00 00 48 00 FF 11 10 00 FF 00 00 04 AC A9 00 07 00 00 00 FF 00 00 40 00 00 11 FF FF FF 0F 04 05 10 14
30 CD 6C 80 04 64 22 3C 93 00 00 C8 00 FF FF FF FF FF 00 00 08 08 A9 00 07 00 00 00 FF 00 00 40 00 00 11 FF FF FF 0F 00 05 0C 14
30 E1 6C 80 04 64 22 3C 93 00 00 48 00 FF 80 10 97 FF 00 00 05 B2 A9 00 07 00 00 00 FF 00 00 40 00 00 90 FF FF FF 0F 04 05 8F 14
30 F5 6C 80 04 64 22 3C 93 00 00 C8 00 FF FF FF FF FF 00 00 08 08 A9 00 07 00 00 00 FF 00 00 40 00 00 90 FF FF FF 0F 00 05 8B 14
31 09 6C 80 04 64 22 3C 93 00 00 C8 00 FF 45 11 01 FF 00 00 05 62 A9 00 07 00 00 00 FF 00 00 80 00 00 45 FF FF FF 0F 04 05 84 14
31 1D 6C 80 04 64 22 3C 93 00 00 C8 00 FF FF FF FF FF 00 00 08 08 A9 00 07 00 00 00 FF 00 00 80 00 00 45 FF FF FF 0F 00 05 80 14
31 31 6C 80 04 64 22 3C 93 00 00 C8 00 FF 45 12 10 FF 00 00 05 72 A9 00 07 00 00 00 FF 00 00 40 00 00 7C FF FF FF 0F 04 05 7B 14
31 45 6C 80 04 64 22 3C 93 00 00 C8 00 FF FF FF FF FF 00 00 08 08 A9 00 07 00 00 00 FF 00 00 40 00 00 7C FF FF FF 0F 00 05 77 14
31 59 6C 80 04 64 22 3C 93 00 00 48 00 FF 7C 10 00 FF 00 00 05 17 A9 00 07 00 00 00 FF 00 00 80 00 00 FF FF FF FF 0F 04 06 3E 14
31 6D 6C 80 04 64 22 3C 93 00 00 C8 00 FF FF FF FF FF 00 00 08 08 A9 00 07 00 00 00 FF 00 00 80 00 00 FF FF FF FF 0F 00 06 3A 14
31 81 6C 80 04 64 22 3C 93 00 00 48 00 FF 90 10 00 FF 00 00 05 2B A9 00 07 00 00 00 FF 00 00 80 00 00 FF FF FF FF 0F 04 06 3E 14
31 95 6C 80 04 64 22 3C 93 00 00 C8 00 FF FF FF FF FF 00 00 08 08 A9 00 07 00 00 00 FF 00 00 80 00 00 FF FF FF FF 0F 00 06 3A 14
31 A9 6C 80 04 64 22 3C 93 00 00 C8 00 FF 02 30 FF FF 00 00 06 3C A9 00 07 00 00 00 FF 00 00 80 00 00 FF FF FF FF 0F 04 06 3E 14
31 BD 6C 80 04 64 22 3C 93 00 00 C8 00 FF FF FF FF FF 00 00 08 08 A9 00 07 00 00 00 FF 00 00 80 00 00 FF FF FF FF 0F 00 06 3A 14
31 D1 6C 80 04 64 22 3C 93 00 00 C8 00 FF 05 33 3C FF 00 00 05 7F A9 00 07 00 00 00 FF 00 00 80 00 00 FF FF FF FF 0F 04 06 3E 14
31 E5 6C 80 04 64 22 3C 93 00 00 C8 00 FF FF FF FF FF 00 00 08 08 A9 00 07 00 00 00 FF 00 00 80 00 00 FF FF FF FF 0F 00 06 3A 14
31 F9 6C 80 04 64 22 3C 93 00 00 48 00 FF 13 30 FA 00 00 00 04 C9 A9 00 07 00 00 00 FF 00 00 80 00 00 FF FF FF FF 0F 04 06 3E 14
32 0D 6C 80 04 64 22 3C 93 00 00 C8 00 FF FF FF FF FF 00 00 08 08 A9 00 07 00 00 00 FF 00 00 80 00 00 FF FF FF FF 0F 00 06 3A 14
32 21 6C 80 04 64 22 3C 93 00 00 C8 00 FF 1F 30 FF FF 00 00 06 59 A9 00 07 00 00 00 FF 00 00 80 00 00 FF FF FF FF 0F 04 06 3E 14
32 35 6C 80 04 64 22 3C 93 00 00 C8 00 FF FF FF FF FF 00 00 08 08 A9 00 07 00 00 00 FF 00 00 80 00 00 FF FF FF FF 0F 00 06 3A 14
32 49 6C 80 04 64 22 3C 93 00 00 48 00 FF 1F 30 FF FF 00 00 05 D9 A9 00 07 00 00 00 FF 00 00 80 00 00 FF FF FF FF 0F 04 06 3E 14
32 5D 6C 80 04 64 22 3C 93 00 00 C8 00 FF FF FF FF FF 00 00 08 08 A9 00 07 00 00 00 FF 00 00 80 00 00 FF FF FF FF 0F 00 06 3A 14
32 71 6C 80 04 64 22 3C 93 00 00 48 00 FF 11 30 00 FF 00 00 04 CC A9 00 07 00 00 00 FF 00 00 80 00 00 FF FF FF FF 0F 04 06 3E 14
32 85 6C 80 04 64 22 3C 93 00 00 C8 00 FF FF FF FF FF 00 00 08 08 A9 00 07 00 00 00 FF 00 00 80 00 00 FF FF FF FF 0F 00 06 3A 14
32 99 6C 80 04 64 22 3C 93 00 00 C8 00 FF 1E 30 01 FF 00 00 05 5A A9 00 07 00 00 00 FF 00 00 80 00 00 FF FF FF FF 0F 04 06 3E 14
32 AD 6C 80 04 64 22 3C 93 00 00 C8 00 FF FF FF FF FF 00 00 08 08 A9 00 07 00 00 00 FF 00 00 80 00 00 FF FF FF FF 0F 00 06 3A 14
32 C1 6C 80 04 64 22 3C 93 00 00 48 00 FF 1E 31 02 FF 00 00 04 DC A9 00 07 00 00 00 FF 00 00 80 00 00 FF FF FF FF 0F 04 06 3E 14
32 D5 6C 80 04 64 22 3C 93 00 00 C8 00 FF FF FF FF FF 00 00 08 08 A9 00 07 00 00 00 FF 00 00 80 00 00 FF FF FF FF 0F 00 06 3A 14
32 E9 6C 80 04 64 22 3C 93 00 00 C8 00 FF 80 30 9C FF 00 00 06 57 A9 00 07 00 00 00 FF 00 00 80 00 00 FF FF FF FF 0F 04 06 3E 14
32 FD 6C 80 04 64 22 3C 93 00 00 C8 00 FF FF FF FF FF 00 00 08 08 A9 00 07 00 00 00 FF 00 00 80 00 00 FF FF FF FF 0F 00 06 3A 14
33 11 6C 80 04 64 22 3C 93 00 00 48 00 FF 80 30 CB FF 00 00 06 06 A9 00 07 00 00 00 FF 00 00 80 00 00 FF FF FF FF 0F 04 06 3E 14
33 25 6C 80 04 64 22 3C 93 00 00 C8 00 FF FF FF FF FF 00 00 08 08 A9 00 07 00 00 00 FF 00 00 80 00 00 FF FF FF FF 0F 00 06 3A 14
33 39 6C 80 04 64 22 3C 93 00 00 C8 00 FF 81 30 62 FF 00 00 06 1E A9 00 07 00 00 00 FF 00 00 80 00 00 FF FF FF FF 0F 04 06 3E 14
33 4D 6C 80 04 64 22 3C 93 00 00 C8 00 FF FF FF FF FF 00 00 08 08 A9 00 07 00 00 00 FF 00 00 80 00 00 FF FF FF FF 0F 00 06 3A 14
33 61 6C 80 04 64 22 3C 93 00 00 48 00 FF 81 30 FE FF 00 00 06 3A A9 00 07 00 00 00 FF 00 00 80 00 00 FF FF FF FF 0F 04 06 3E 14
33 75 6C 80 04 64 22 3C 93 00 00 C8 00 FF FF FF FF FF 00 00 08 08 A9 00 07 00 00 00 FF 00 00 80 00 00 FF FF FF FF 0F 00 06 3A 14
33 89 6C 80 04 64 22 3C 93 00 00 48 00 FF 82 30 4F FF 00 00 05 8C A9 00 07 00 00 00 FF 00 00 80 00 00 FF FF FF FF 0F 04 06 3E 14
33 9D 6C 80 04 64 22 3C 93 00 00 C8 00 FF FF FF FF FF 00 00 08 08 A9 00 07 00 00 00 FF 00 00 80 00 00 FF FF FF FF 0F 00 06 3A 14
33 B1 6C 80 04 64 22 3C 93 00 00 48 00 FF 85 30 13 FF 00 00 05 53 A9 00 07 00 00 00 FF 00 00 80 00 00 FF FF FF FF 0F 04 06 3E 14
33 C5 6C 80 04 64 22 3C 93 00 00 C8 00 FF FF FF FF FF 00 00 08 08 A9 00 07 00 00 00 FF 00 00 80 00 00 FF FF FF FF 0F 00 06 3A 14
33 D9 6C 80 04 64 22 3C 93 00 00 C8 00 FF 87 30 63 FF 00 00 06 25 A9 00 07 00 00 00 FF 00 00 80 00 00 FF FF FF FF 0F 04 06 3E 14
33 ED 6C 80 04 64 22 3C 93 00 00 C8 00 FF FF FF FF FF 00 00 08 08 A9 00 07 00 00 00 FF 00 00 80 00 00 FF FF FF FF 0F 00 06 3A 14
34 01 6C 80 04 64 22 3C 93 00 00 48 00 FF 90 30 00 FF 00 00 05 4B A9 00 07 00 00 00 FF 00 00 80 00 00 FF FF FF FF 0F 04 06 3E 14
34 15 6C 80 04 64 22 3C 93 00 00 C8 00 FF FF FF FF FF 00 00 08 08 A9 00 07 00 00 00 FF 00 00 80 00 00 FF FF FF FF 0F 00 06 3A 14
34 29 6C 80 04 64 22 3C 93 00 00 C8 00 FF FF FF FF FF 00 00 08 08 A9 00 07 00 00 00 FF 00 00 80 00 00 FF FF FF FF 0F 04 06 3E 14
34 3D 6C 80 04 64 22 3C 93 00 00 C8 00 FF FF FF FF FF 00 00 08 08 A9 00 07 00 00 00 FF 00 00 80 00 00 FF FF FF FF 0F 00 06 3A 14
34 51 6C 80 04 64 22 3C 93 00 00 C8 00 FF FF FF FF FF 00 00 08 08 A9 00 07 00 00 00 FF 00 00 80 00 00 FF FF FF FF 0F 04 06 3E 14
34 65 6C 80 04 64 22 3C 93 00 00 C8 00 FF FF FF FF FF 00 00 08 08 A9 00 07 00 00 00 FF 00 00 80 00 00 FF FF FF FF 0F 00 06 3A 14
34 79 6C 80 04 64 22 3C 93 00 00 C8 00 FF FF FF FF FF 00 00 08 08 A9 00 07 00 00 00 FF 00 00 40 00 00 1F FF FF FF 0F 04 05 1E 14
34 8D 6C 80 04 64 22 3C 93 00 00 C8 00 FF FF FF FF FF 00 00 08 08 A9 00 07 00 00 00 FF 00 00 40 00 00 1F FF FF FF 0F 00 05 1A 14
34 A1 6C 80 04 64 22 3C 93 00 00 48 00 FF 1F 10 FF FF 00 00 05 B9 A9 00 07 00 00 00 FF 00 00 40 00 00 0C FF FF FF 0F 04 05 0B 14
34 B5 6C 80 04 64 22 3C 93 00 00 C8 00 FF FF FF FF FF 00 00 08 08 A9 00 07 00 00 00 FF 00 00 40 00 00 0C FF FF FF 0F 00 05 07 14
34 C9 6C 80 04 64 22 3C 93 00 00 48 00 FF 0C 10 FF FF 00 00 05 A6 A9 00 07 00 00 00 FF 00 00 40 00 00 1E FF FF FF 0F 04 05 1D 14
34 DD 6C 80 04 64 22 3C 93 00 00 C8 00 FF FF FF FF FF 00 00 08 08 A9 00 07 00 00 00 FF 00 00 40 00 00 1E FF FF FF 0F 00 05 19 14
34 F1 6C 80 04 64 22 3C 93 00 00 48 00 FF 1E 11 02 FF 00 00 04 BC A9 00 07 00 00 00 FF 00 00 40 00 00 13 FF FF FF 0F 04 05 12 14
35 05 6C 80 04 64 22 3C 93 00 00 C8 00 FF FF FF FF FF 00 00 08 08 A9 00 07 00 00 00 FF 00 00 40 00 00 13 FF FF FF 0F 00 05 0E 14
35 19 6C 80 04 64 22 3C 93 00 00 C8 00 FF 02 11 FF FF 00 00 06 1D A9 00 07 00 00 00 FF 00 00 C0 00 00 02 FF FF FF 0F 04 05 81 14
35 2D 6C 80 04 64 22 3C 93 00 00 C8 00 FF FF FF FF FF 00 00 08 08 A9 00 07 00 00 00 FF 00 00 C0 00 00 02 FF FF FF 0F 00 05 7D 14
35 41 6C 80 04 64 22 3C 93 00 00 C8 00 FF 05 13 3C FF 00 00 05 5F A9 00 07 00 00 00 FF 00 00 C0 00 00 05 FF FF FF 0F 04 05 84 14
35 55 6C 80 04 64 22 3C 93 00 00 C8 00 FF FF FF FF FF 00 00 08 08 A9 00 07 00 00 00 FF 00 00 C0 00 00 05 FF FF FF 0F 00 05 80 14
35 69 6C 80 04 64 22 3C 93 00 00 48 00 FF 13 10 FA 00 00 00 04 A9 A9 00 07 00 00 00 FF 00 00 C0 00 00 80 FF FF FF 0F 04 05 FF 14
35 7D 6C 80 04 64 22 3C 93 00 00 C8 00 FF FF FF FF FF 00 00 08 08 A9 00 07 00 00 00 FF 00 00 C0 00 00 80 FF FF FF 0F 00 05 FB 14
35 91 6C 80 04 64 22 3C 93 00 00 C8 00 FF 1F 10 FF FF 00 00 06 39 A9 00 07 00 00 00 FF 00 00 C0 00 00 1F FF FF FF 0F 04 05 9E 14
35 A5 6C 80 04 64 22 3C 93 00 00 C8 00 FF FF FF FF FF 00 00 08 08 A9 00 07 00 00 00 FF 00 00 C0 00 00 1F FF FF FF 0F 00 05 9A 14
35 B9 6C 80 04 64 22 3C 93 00 00 C8 00 FF 1E 10 01 FF 00 00 05 3A A9 00 07 00 00 00 FF 00 00 C0 00 00 1E FF FF FF 0F 04 05 9D 14
35 CD 6C 80 04 64 22 3C 93 00 00 C8 00 FF FF FF FF FF 00 00 08 08 A9 00 07 00 00 00 FF 00 00 C0 00 00 1E FF FF FF 0F 00 05 99 14
35 E1 6C 80 04 64 22 3C 93 00 00 C8 00 FF 80 20 93 FF 00 00 06 3E A9 00 07 00 00 00 FF 00 00 40 00 00 80 FF FF FF 0F 04 05 7F 14
35 F5 6C 80 04 64 22 3C 93 00 00 C8 00 FF FF FF FF FF 00 00 08 08 A9 00 07 00 00 00 FF 00 00 40 00 00 80 FF FF FF 0F 00 05 7B 14
36 09 6C 80 04 64 22 3C 93 00 00 48 00 FF 11 10 00 FF 00 00 04 AC A9 00 07 00 00 00 FF 00 00 40 00 00 11 FF FF FF 0F 04 05 10 14
36 1D 6C 80 04 64 22 3C 93 00 00 C8 00 FF FF FF FF FF 00 00 08 08 A9 00 07 00 00 00 FF 00 00 40 00 00 11 FF FF FF 0F 00 05 0C 14
36 31 6C 80 04 64 22 3C 93 00 00 48 00 FF 80 10 97 FF 00 00 05 B2 A9 00 07 00 00 00 FF 00 00 40 00 00 90 FF FF FF 0F 04 05 8F 14
36 45 6C 80 04 64 22 3C 93 00 00 C8 00 FF FF FF FF FF 00 00 08 08 A9 00 07 00 00 00 FF 00 00 40 00 00 90 FF FF FF 0F 00 05 8B 14
36 59 6C 80 04 64 22 3C 93 00 00 48 00 FF 90 10 00 FF 00 00 05 2B A9 00 07 00 00 00 FF 00 00 40 00 00 B1 FF FF FF 0F 04 05 B0 14
36 6D 6C 80 04 64 22 3C 93 00 00 C8 00 FF FF FF FF FF 00 00 08 08 A9 00 07 00 00 00 FF 00 00 40 00 00 B1 FF FF FF 0F 00 05 AC 14
36 81 6C 80 04 64 22 3C 93 00 00 48 00 FF B1 10 03 FF 00 00 05 4F A9 00 07 00 00 00 FF 00 00 40 00 00 7C FF FF FF 0F 04 05 7B 14
36 95 6C 80 04 64 22 3C 93 00 00 C8 00 FF FF FF FF FF 00 00 08 08 A9 00 07 00 00 00 FF 00 00 40 00 00 7C FF FF FF 0F 00 05 77 14
36 A9 6C 80 04 64 22 3C 93 00 00 48 00 FF 7C 10 00 FF 00 00 05 17 A9 00 07 00 00 00 FF 00 00 40 00 00 1F FF FF FF 0F 04 05 1E 14
36 BD 6C 80 04 64 22 3C 93 00 00 C8 00 FF FF FF FF FF 00 00 08 08 A9 00 07 00 00 00 FF 00 00 40 00 00 1F FF FF FF 0F 00 05 1A 14
36 D1 6C 80 04 64 22 3C 93 00 00 48 00 FF 1F 10 FF FF 00 00 05 B9 A9 00 07 00 00 00 FF 00 00 40 00 00 0C FF FF FF 0F 04 05 0B 14
36 E5 6C 80 04 64 22 3C 93 00 00 C8 00 FF FF FF FF FF 00 00 08 08 A9 00 07 00 00 00 FF 00 00 40 00 00 0C FF FF FF 0F 00 05 07 14
36 F9 6C 80 04 64 22 3C 93 00 00 48 00 FF 0C 10 FF FF 00 00 05 A6 A9 00 07 00 00 00 FF 00 00 40 00 00 1E FF FF FF 0F 04 05 1D 14
37 0D 6C 80 04 64 22 3C 93 00 00 C8 00 FF FF FF FF FF 00 00 08 08 A9 00 07 00 00 00 FF 00 00 40 00 00 1E FF FF FF 0F 00 05 19 14
37 21 6C 80 04 64 22 3C 93 00 00 48 00 FF 1E 11 02 FF 00 00 04 BC A9 00 07 00 00 00 FF 00 00 40 00 00 13 FF FF FF 0F 04 05 12 14
37 35 6C 80 04 64 22 3C 93 00 00 C8 00 FF FF FF FF FF 00 00 08 08 A9 00 07 00 00 00 FF 00 00 40 00 00 13 FF FF FF 0F 00 05 0E 14
37 49 6C 80 04 64 22 3C 93 00 00 C8 00 FF 02 11 FF FF 00 00 06 1D A9 00 07 00 00 00 FF 00 00 C0 00 00 02 FF FF FF 0F 04 05 81 14
37 5D 6C 80 04 64 22 3C 93 00 00 C8 00 FF FF FF FF FF 00 00 08 08 A9 00 07 00 00 00 FF 00 00 C0 00 00 02 FF FF FF 0F 00 05 7D 14
37 71 6C 80 04 64 22 3C 93 00 00 C8 00 FF 05 13 3C FF 00 00 05 5F A9 00 07 00 00 00 FF 00 00 C0 00 00 05 FF FF FF 0F 04 05 84 14
37 85 6C 80 04 64 22 3C 93 00 00 C8 00 FF FF FF FF FF 00 00 08 08 A9 00 07 00 00 00 FF 00 00 C0 00 00 05 FF FF FF 0F 00 05 80 14
37 99 6C 80 04 64 22 3C 93 00 00 48 00 FF 13 10 FA 00 00 00 04 A9 A9 00 07 00 00 00 FF 00 00 C0 00 00 80 FF FF FF 0F 04 05 FF 14
37 AD 6C 80 04 64 22 3C 93 00 00 C8 00 FF FF FF FF FF 00 00 08 08 A9 00 07 00 00 00 FF 00 00 C0 00 00 80 FF FF FF 0F 00 05 FB 14
37 C1 6C 80 04 64 22 3C 93 00 00 C8 00 FF 1F 10 FF FF 00 00 06 39 A9 00 07 00 00 00 FF 00 00 C0 00 00 1F FF FF FF 0F 04 05 9E 14
